2026-07-02 16:30:22,820 INFO app.ml.svm_classifier SVM loaded: 27 classes, cpu device, backbone=DEFAULT
WARNING: All log messages before absl::InitializeLog() is called are written to STDERR
I0000 00:00:1782984623.182149   56732 port.cc:153] oneDNN custom operations are on. You may see slightly different numerical results due to floating-point round-off errors from different computation orders. To turn them off, set the environment variable `TF_ENABLE_ONEDNN_OPTS=0`.
WARNING: All log messages before absl::InitializeLog() is called are written to STDERR
I0000 00:00:1782984628.050726   56732 port.cc:153] oneDNN custom operations are on. You may see slightly different numerical results due to floating-point round-off errors from different computation orders. To turn them off, set the environment variable `TF_ENABLE_ONEDNN_OPTS=0`.
I0000 00:00:1782984628.882053   56732 cpu_feature_guard.cc:227] This TensorFlow binary is optimized to use available CPU instructions in performance-critical operations.
To enable the following instructions: SSE3 SSE4.1 SSE4.2 AVX AVX2 FMA, in other operations, rebuild TensorFlow with the appropriate compiler flags.
2026-07-02 16:30:30,949 WARNING tensorflow From D:\\u0111\u1ed3 án_archive\gastrovision-ai\backend\.venv\Lib\site-packages\keras\src\backend\tensorflow\core.py:233: The name tf.placeholder is deprecated. Please use tf.compat.v1.placeholder instead.

2026-07-02 16:30:31,983 WARNING tensorflow TensorFlow GPU support is not available on native Windows for TensorFlow >= 2.11. Even if CUDA/cuDNN are installed, GPU will not be used. Please use WSL2 or the TensorFlow-DirectML plugin.
INFO:     Started server process [65144]
INFO:     Waiting for application startup.
INFO:     Application startup complete.
INFO:     Uvicorn running on http://127.0.0.1:8000 (Press CTRL+C to quit)
2026-07-02 16:30:58,948 INFO gastrovision analyze start request_id=6f8ec364-63a1-4a5c-999a-64b35c410828 filename=sample-polyp.jpg content_type=image/jpeg size=130932
2026-07-02 16:30:59,189 INFO gastrovision analyze done request_id=6f8ec364-63a1-4a5c-999a-64b35c410828 label=None low_conf=True
2026-07-02 16:34:35,724 INFO gastrovision analyze start request_id=b558f928-447f-48c0-b79d-47c40eadc08a filename=003ab8b5-cf6d-442a-849d-80ddf0d1edaf.jpg content_type=image/jpeg size=151316
2026-07-02 16:34:38,688 INFO gastrovision analyze done request_id=b558f928-447f-48c0-b79d-47c40eadc08a label=polyps low_conf=False
2026-07-02 17:04:57,633 INFO gastrovision analyze start request_id=70564479-7cd9-4483-9f53-143fad5af9b9 filename=cju8ca4geseia0850i2ru11hw.jpg content_type=image/jpeg size=46815
2026-07-02 17:05:00,437 INFO gastrovision analyze done request_id=70564479-7cd9-4483-9f53-143fad5af9b9 label=esophagitis low_conf=False
2026-07-02 17:24:21,899 INFO gastrovision analyze start request_id=6316f73c-59a8-42f2-b680-f56818ee5cba filename=cju8cattbsivm0818p446wgel.jpg content_type=image/jpeg size=31240
2026-07-02 17:24:22,278 INFO gastrovision analyze done request_id=6316f73c-59a8-42f2-b680-f56818ee5cba label=None low_conf=True
2026-07-02 17:25:16,911 INFO gastrovision analyze start request_id=2b7de456-52cb-4a58-9cae-c015b3693a47 filename=cju8ca4geseia0850i2ru11hw.jpg content_type=image/jpeg size=46815
2026-07-02 17:25:18,232 INFO gastrovision analyze done request_id=2b7de456-52cb-4a58-9cae-c015b3693a47 label=esophagitis low_conf=False
2026-07-03 10:03:33,376 INFO gastrovision analyze start request_id=afd8bcd5-d566-4337-b09c-8a3fa205fc8b filename=sample-polyp.jpg content_type=image/jpeg size=130932
2026-07-03 10:03:34,208 INFO gastrovision analyze done request_id=afd8bcd5-d566-4337-b09c-8a3fa205fc8b label=None low_conf=True
2026-07-03 10:05:40,284 INFO gastrovision analyze start request_id=c153204b-8c84-4055-8ec9-29abb068a6d5 filename=sample-polyp.jpg content_type=image/jpeg size=130932
2026-07-03 10:05:40,415 INFO gastrovision analyze done request_id=c153204b-8c84-4055-8ec9-29abb068a6d5 label=None low_conf=True
2026-07-03 10:36:11,744 INFO gastrovision analyze start request_id=053b0b1e-c24c-4ac9-b52e-a52faacf9144 filename=cju8ca4geseia0850i2ru11hw.jpg content_type=image/jpeg size=46815
2026-07-03 10:36:14,187 INFO gastrovision analyze done request_id=053b0b1e-c24c-4ac9-b52e-a52faacf9144 label=esophagitis low_conf=False
2026-07-03 10:53:15,042 INFO gastrovision analyze start request_id=b55670a8-9be7-4086-8646-b75514dd26cf filename=cju8ca4geseia0850i2ru11hw.jpg content_type=image/jpeg size=46815
2026-07-03 10:53:15,937 INFO gastrovision analyze done request_id=b55670a8-9be7-4086-8646-b75514dd26cf label=esophagitis low_conf=False
2026-07-03 12:30:12,021 INFO gastrovision analyze start request_id=d568f8e6-67ee-458f-8f23-017bca314a41 filename=cju8ca4geseia0850i2ru11hw.jpg content_type=image/jpeg size=46815
2026-07-03 12:30:14,188 INFO gastrovision analyze done request_id=d568f8e6-67ee-458f-8f23-017bca314a41 label=esophagitis low_conf=False
2026-07-03 12:40:54,506 INFO gastrovision analyze start request_id=e40f863e-6709-4174-8bc6-b6fd7f28376a filename=cju8ca4geseia0850i2ru11hw.jpg content_type=image/jpeg size=46815
2026-07-03 12:40:55,423 INFO gastrovision analyze done request_id=e40f863e-6709-4174-8bc6-b6fd7f28376a label=esophagitis low_conf=False
2026-07-03 19:02:15,166 INFO gastrovision analyze start request_id=dbc04b9f-19f6-4f59-810f-6c023ad15a46 filename=sample-polyp.jpg content_type=image/jpeg size=130932
2026-07-03 19:02:16,077 INFO gastrovision analyze done request_id=dbc04b9f-19f6-4f59-810f-6c023ad15a46 label=None low_conf=True
2026-07-03 19:04:03,471 INFO gastrovision analyze start request_id=a4fc2863-b9cb-42e0-b0d5-a6170fca0d99 filename=sample-polyp.jpg content_type=image/jpeg size=130932
2026-07-03 19:04:03,733 INFO gastrovision analyze done request_id=a4fc2863-b9cb-42e0-b0d5-a6170fca0d99 label=None low_conf=True
